2025-01-11 10:16:38,767 : INFO : root : Loading config.
2025-01-11 10:16:38,771 : INFO : YamlMultifileConfigLoader : Machine config file #1: config.yaml
2025-01-11 10:16:38,771 : INFO : ConfigProcessor : Loading config from cache: C:\Users\zackr\AppData\Local\Temp\0d11a866451559ccbc94cc0f149451f7.mpf_cache
2025-01-11 10:16:38,877 : INFO : ConfigProcessor : Loading config from cache: C:\Users\zackr\AppData\Local\Temp\294925c463dc5b459b9ed31f18ba4db4.mpf_cache
2025-01-11 10:16:38,878 : INFO : ConfigProcessor : Loading config from cache: C:\Users\zackr\AppData\Local\Temp\f3f38afaea8df340b072b5971b88038a.mpf_cache
2025-01-11 10:16:38,879 : INFO : Machine : Mission Pinball Framework Core Engine v0.80.0.dev6
2025-01-11 10:16:38,879 : INFO : Machine : Command line arguments: {'no_load_cache': False, 'create_config_cache': True, 'bcp': False, 'configfile': ['config.yaml'], 'force_assets_load': False, 'platform_integration_test': False, 'jsonlogging': False, 'logfile': 'logs\\2025-01-11-10-16-38-mpf-ZR-laptop.log', 'pause': False, 'production': False, 'text_ui': True, 'loglevel': 15, 'consoleloglevel': 20, 'force_platform': None, 'syslog_address': None, 'full_logfile_path': 'C:\\Custom-Pinball\\logs\\2025-01-11-10-16-38-mpf-ZR-laptop.log'}
2025-01-11 10:16:38,879 : INFO : Machine : MPF path: C:\Users\zackr\myenv\lib\site-packages\mpf
2025-01-11 10:16:38,879 : INFO : Machine : Machine path: C:\Custom-Pinball
2025-01-11 10:16:38,879 : INFO : Machine : Platform: win32
2025-01-11 10:16:38,879 : INFO : Machine : Python executable location: C:\Users\zackr\myenv\Scripts\python.exe
2025-01-11 10:16:38,879 : INFO : Machine : Python version: 3.9.13 (64-bit)
2025-01-11 10:16:38,881 : INFO : Machine : Initializing MPF...
2025-01-11 10:16:39,110 : INFO : EventManager : Event: ======'machine_var_credits_string'====== Args={'value': 'FREE PLAY', 'prev_value': None, 'change': True}
2025-01-11 10:16:39,166 : INFO : EventManager : Event: ======'machine_var_master_volume'====== Args={'value': 0.5, 'prev_value': None, 'change': True}
2025-01-11 10:16:39,167 : INFO : EventManager : Event: ======'machine_var_mpf_version'====== Args={'value': 'Mission Pinball Framework v0.80.0.dev6', 'prev_value': None, 'change': True}
2025-01-11 10:16:39,167 : INFO : EventManager : Event: ======'machine_var_mpf_extended_version'====== Args={'value': 'Mission Pinball Framework v0.80.0.dev6, Config version:6, Show version: 6, BCP version:1.1', 'prev_value': None, 'change': True}
2025-01-11 10:16:39,167 : INFO : EventManager : Event: ======'machine_var_python_version'====== Args={'value': '3.9.13', 'prev_value': None, 'change': True}
2025-01-11 10:16:39,180 : INFO : EventManager : Event: ======'machine_var_platform'====== Args={'value': 'Windows-10-10.0.26100-SP0', 'prev_value': None, 'change': True}
2025-01-11 10:16:39,180 : INFO : EventManager : Event: ======'machine_var_platform_system'====== Args={'value': 'Windows', 'prev_value': None, 'change': True}
2025-01-11 10:16:39,180 : INFO : EventManager : Event: ======'machine_var_platform_release'====== Args={'value': '10', 'prev_value': None, 'change': True}
2025-01-11 10:16:39,180 : INFO : EventManager : Event: ======'machine_var_platform_version'====== Args={'value': '10.0.26100', 'prev_value': None, 'change': True}
2025-01-11 10:16:39,180 : INFO : EventManager : Event: ======'machine_var_platform_machine'====== Args={'value': 'AMD64', 'prev_value': None, 'change': True}
2025-01-11 10:16:39,180 : INFO : EventManager : Event: ======'machine_var_log_file_path'====== Args={'value': 'C:\\Custom-Pinball\\logs\\2025-01-11-10-16-38-mpf-ZR-laptop.log', 'prev_value': None, 'change': True}
2025-01-11 10:16:39,180 : INFO : EventManager : Event: ======'init_phase_1'====== Args={}
2025-01-11 10:16:39,192 : INFO : EventManager : Event: ======'init_phase_2'====== Args={}
2025-01-11 10:16:39,200 : INFO : EventManager : Event: ======'init_phase_3'====== Args={}
2025-01-11 10:16:39,203 : INFO : EventManager : Event: ======'init_phase_4'====== Args={}
2025-01-11 10:16:39,205 : INFO : EventManager : Event: ======'machine_var_audits_events_game_started'====== Args={'value': 0, 'prev_value': None, 'change': True}
2025-01-11 10:16:39,205 : INFO : EventManager : Event: ======'machine_var_audits_events_game_ended'====== Args={'value': 0, 'prev_value': None, 'change': True}
2025-01-11 10:16:39,205 : INFO : EventManager : Event: ======'machine_var_audits_player_score'====== Args={'value': {'top': [], 'average': 0, 'total': 0}, 'prev_value': None, 'change': True}
2025-01-11 10:16:39,205 : INFO : EventManager : Event: ======'init_phase_5'====== Args={}
2025-01-11 10:16:39,212 : INFO : EventManager : Event: ======'init_done'====== Args={}
2025-01-11 10:16:39,213 : INFO : EventManager : Event: ======'machine_reset_phase_1'====== Args={}
2025-01-11 10:16:39,213 : INFO : EventManager : Event: ======'machine_reset_phase_2'====== Args={}
2025-01-11 10:16:39,213 : INFO : EventManager : Event: ======'machine_reset_phase_3'====== Args={}
2025-01-11 10:16:39,213 : INFO : EventManager : Event: ======'reset_complete'====== Args={}
2025-01-11 10:16:39,213 : INFO : EventManager : Event: ======'mode_attract_will_start'====== Args={}
2025-01-11 10:16:39,213 : INFO : EventManager : Event: ======'mode_attract_starting'====== Args={}
2025-01-11 10:16:39,213 : INFO : Mode.attract : Started. Priority: 10
2025-01-11 10:16:39,213 : INFO : EventManager : Event: ======'modes_active_modes_changed'====== Args={}
2025-01-11 10:16:39,213 : INFO : EventManager : Event: ======'mode_attract_started'====== Args={}
2025-01-11 10:16:39,213 : INFO : EventManager : Event: ======'collecting_balls_complete'====== Args={}
2025-01-11 10:16:39,222 : INFO : Machine : Starting the main run loop with active modes: [<Mode.attract>]
