2025-01-10 23:29:43,659 : INFO : root : Loading config.
2025-01-10 23:29:43,662 : INFO : YamlMultifileConfigLoader : Machine config file #1: config.yaml
2025-01-10 23:29:43,662 : INFO : ConfigProcessor : Loading config from cache: C:\Users\zackr\AppData\Local\Temp\0d11a866451559ccbc94cc0f149451f7.mpf_cache
2025-01-10 23:29:43,709 : INFO : ConfigProcessor : Loading config from cache: C:\Users\zackr\AppData\Local\Temp\294925c463dc5b459b9ed31f18ba4db4.mpf_cache
2025-01-10 23:29:43,710 : INFO : ConfigProcessor : Loading config from cache: C:\Users\zackr\AppData\Local\Temp\f3f38afaea8df340b072b5971b88038a.mpf_cache
2025-01-10 23:29:43,711 : INFO : Machine : Mission Pinball Framework Core Engine v0.80.0.dev6
2025-01-10 23:29:43,711 : INFO : Machine : Command line arguments: {'no_load_cache': False, 'create_config_cache': True, 'bcp': True, 'configfile': ['config.yaml'], 'force_assets_load': False, 'platform_integration_test': False, 'jsonlogging': False, 'logfile': 'logs\\2025-01-10-23-29-43-mpf-ZR-laptop.log', 'pause': False, 'production': False, 'text_ui': False, 'loglevel': 15, 'consoleloglevel': 20, 'force_platform': 'virtual', 'syslog_address': None, 'full_logfile_path': 'C:\\Custom-Pinball\\logs\\2025-01-10-23-29-43-mpf-ZR-laptop.log'}
2025-01-10 23:29:43,711 : INFO : Machine : MPF path: C:\Users\zackr\myenv\lib\site-packages\mpf
2025-01-10 23:29:43,711 : INFO : Machine : Machine path: C:\Custom-Pinball
2025-01-10 23:29:43,711 : INFO : Machine : Platform: win32
2025-01-10 23:29:43,711 : INFO : Machine : Python executable location: C:\Users\zackr\myenv\Scripts\python.exe
2025-01-10 23:29:43,711 : INFO : Machine : Python version: 3.9.13 (64-bit)
2025-01-10 23:29:43,713 : INFO : Machine : Initializing MPF...
2025-01-10 23:29:43,758 : INFO : EventManager : Event: ======'machine_var_credits_string'====== Args={'value': 'FREE PLAY', 'prev_value': None, 'change': True}
2025-01-10 23:29:43,786 : INFO : EventManager : Event: ======'machine_var_master_volume'====== Args={'value': 0.5, 'prev_value': None, 'change': True}
2025-01-10 23:29:43,786 : INFO : EventManager : Event: ======'machine_var_mpf_version'====== Args={'value': 'Mission Pinball Framework v0.80.0.dev6', 'prev_value': None, 'change': True}
2025-01-10 23:29:43,786 : INFO : EventManager : Event: ======'machine_var_mpf_extended_version'====== Args={'value': 'Mission Pinball Framework v0.80.0.dev6, Config version:6, Show version: 6, BCP version:1.1', 'prev_value': None, 'change': True}
2025-01-10 23:29:43,786 : INFO : EventManager : Event: ======'machine_var_python_version'====== Args={'value': '3.9.13', 'prev_value': None, 'change': True}
2025-01-10 23:29:43,794 : INFO : EventManager : Event: ======'machine_var_platform'====== Args={'value': 'Windows-10-10.0.26100-SP0', 'prev_value': None, 'change': True}
2025-01-10 23:29:43,794 : INFO : EventManager : Event: ======'machine_var_platform_system'====== Args={'value': 'Windows', 'prev_value': None, 'change': True}
2025-01-10 23:29:43,794 : INFO : EventManager : Event: ======'machine_var_platform_release'====== Args={'value': '10', 'prev_value': None, 'change': True}
2025-01-10 23:29:43,794 : INFO : EventManager : Event: ======'machine_var_platform_version'====== Args={'value': '10.0.26100', 'prev_value': None, 'change': True}
2025-01-10 23:29:43,794 : INFO : EventManager : Event: ======'machine_var_platform_machine'====== Args={'value': 'AMD64', 'prev_value': None, 'change': True}
2025-01-10 23:29:43,794 : INFO : EventManager : Event: ======'machine_var_log_file_path'====== Args={'value': 'C:\\Custom-Pinball\\logs\\2025-01-10-23-29-43-mpf-ZR-laptop.log', 'prev_value': None, 'change': True}
2025-01-10 23:29:43,794 : INFO : EventManager : Event: ======'init_phase_1'====== Args={}
2025-01-10 23:29:43,801 : INFO : EventManager : Event: ======'init_phase_2'====== Args={}
2025-01-10 23:29:43,801 : INFO : EventManager : Event: ======'bcp_connection_attempt'====== Args={'name': 'local_display', 'host': 'localhost', 'port': 5050}
2025-01-10 23:29:43,802 : INFO : BCPClientSocket : Connecting BCP to 'local_display' at localhost:5050...
2025-01-10 23:29:43,807 : INFO : BCPClientSocket : Connected BCP to 'local_display' localhost:5050
2025-01-10 23:29:43,807 : INFO : EventManager : Event: ======'bcp_clients_connected'====== Args={}
2025-01-10 23:29:43,811 : INFO : EventManager : Event: ======'init_phase_3'====== Args={}
2025-01-10 23:29:43,812 : INFO : EventManager : Event: ======'init_phase_4'====== Args={}
2025-01-10 23:29:43,812 : INFO : EventManager : Event: ======'machine_var_audits_events_game_started'====== Args={'value': 0, 'prev_value': None, 'change': True}
2025-01-10 23:29:43,812 : INFO : EventManager : Event: ======'machine_var_audits_events_game_ended'====== Args={'value': 0, 'prev_value': None, 'change': True}
2025-01-10 23:29:43,812 : INFO : EventManager : Event: ======'machine_var_audits_player_score'====== Args={'value': {'top': [], 'average': 0, 'total': 0}, 'prev_value': None, 'change': True}
2025-01-10 23:29:43,812 : INFO : EventManager : Event: ======'init_phase_5'====== Args={}
2025-01-10 23:29:43,812 : INFO : EventManager : Event: ======'init_done'====== Args={}
2025-01-10 23:29:43,812 : INFO : EventManager : Event: ======'machine_reset_phase_1'====== Args={}
2025-01-10 23:29:43,820 : INFO : EventManager : Event: ======'machine_reset_phase_2'====== Args={}
2025-01-10 23:29:43,820 : INFO : EventManager : Event: ======'machine_reset_phase_3'====== Args={}
2025-01-10 23:29:43,820 : INFO : EventManager : Event: ======'reset_complete'====== Args={}
2025-01-10 23:29:43,820 : INFO : EventManager : Event: ======'mode_attract_will_start'====== Args={}
2025-01-10 23:29:43,820 : INFO : EventManager : Event: ======'mode_attract_starting'====== Args={}
2025-01-10 23:29:43,820 : INFO : Mode.attract : Started. Priority: 10
2025-01-10 23:29:43,820 : INFO : EventManager : Event: ======'modes_active_modes_changed'====== Args={}
2025-01-10 23:29:43,820 : INFO : EventManager : Event: ======'mode_attract_started'====== Args={}
2025-01-10 23:29:43,820 : INFO : EventManager : Event: ======'collecting_balls_complete'====== Args={}
2025-01-10 23:29:43,822 : INFO : Machine : Starting the main run loop with active modes: [<Mode.attract>]
2025-01-10 23:30:16,364 : INFO : Machine : Shutting down...
2025-01-10 23:30:16,364 : INFO : EventManager : Event: ======'shutdown'====== Args={}
2025-01-10 23:30:16,366 : INFO : root : MPF run loop ended.
