2025-01-11 12:58:33,265 : INFO : root : Loading config.
2025-01-11 12:58:33,270 : INFO : YamlMultifileConfigLoader : Machine config file #1: config.yaml
2025-01-11 12:58:33,270 : INFO : ConfigProcessor : Loading config from cache: C:\Users\zackr\AppData\Local\Temp\0d11a866451559ccbc94cc0f149451f7.mpf_cache
2025-01-11 12:58:33,419 : INFO : ConfigProcessor : Loading config from cache: C:\Users\zackr\AppData\Local\Temp\294925c463dc5b459b9ed31f18ba4db4.mpf_cache
2025-01-11 12:58:33,420 : INFO : ConfigProcessor : Loading config from cache: C:\Users\zackr\AppData\Local\Temp\f3f38afaea8df340b072b5971b88038a.mpf_cache
2025-01-11 12:58:33,421 : INFO : Machine : Mission Pinball Framework Core Engine v0.80.0.dev6
2025-01-11 12:58:33,421 : INFO : Machine : Command line arguments: {'no_load_cache': False, 'create_config_cache': True, 'bcp': True, 'configfile': ['config.yaml'], 'force_assets_load': False, 'platform_integration_test': False, 'jsonlogging': False, 'logfile': 'logs\\2025-01-11-12-58-33-mpf-ZR-laptop.log', 'pause': False, 'production': False, 'text_ui': True, 'loglevel': 15, 'consoleloglevel': 20, 'force_platform': None, 'syslog_address': None, 'full_logfile_path': 'C:\\Custom-Pinball\\logs\\2025-01-11-12-58-33-mpf-ZR-laptop.log'}
2025-01-11 12:58:33,421 : INFO : Machine : MPF path: C:\Users\zackr\myenv\lib\site-packages\mpf
2025-01-11 12:58:33,421 : INFO : Machine : Machine path: C:\Custom-Pinball
2025-01-11 12:58:33,421 : INFO : Machine : Platform: win32
2025-01-11 12:58:33,421 : INFO : Machine : Python executable location: C:\Users\zackr\myenv\Scripts\python.exe
2025-01-11 12:58:33,421 : INFO : Machine : Python version: 3.9.13 (64-bit)
2025-01-11 12:58:33,424 : INFO : Machine : Initializing MPF...
2025-01-11 12:58:33,620 : INFO : EventManager : Event: ======'machine_var_credits_string'====== Args={'value': 'FREE PLAY', 'prev_value': None, 'change': True}
2025-01-11 12:58:33,663 : INFO : EventManager : Event: ======'machine_var_master_volume'====== Args={'value': 0.5, 'prev_value': None, 'change': True}
2025-01-11 12:58:33,663 : INFO : EventManager : Event: ======'machine_var_mpf_version'====== Args={'value': 'Mission Pinball Framework v0.80.0.dev6', 'prev_value': None, 'change': True}
2025-01-11 12:58:33,663 : INFO : EventManager : Event: ======'machine_var_mpf_extended_version'====== Args={'value': 'Mission Pinball Framework v0.80.0.dev6, Config version:6, Show version: 6, BCP version:1.1', 'prev_value': None, 'change': True}
2025-01-11 12:58:33,663 : INFO : EventManager : Event: ======'machine_var_python_version'====== Args={'value': '3.9.13', 'prev_value': None, 'change': True}
2025-01-11 12:58:33,673 : INFO : EventManager : Event: ======'machine_var_platform'====== Args={'value': 'Windows-10-10.0.26100-SP0', 'prev_value': None, 'change': True}
2025-01-11 12:58:33,673 : INFO : EventManager : Event: ======'machine_var_platform_system'====== Args={'value': 'Windows', 'prev_value': None, 'change': True}
2025-01-11 12:58:33,673 : INFO : EventManager : Event: ======'machine_var_platform_release'====== Args={'value': '10', 'prev_value': None, 'change': True}
2025-01-11 12:58:33,673 : INFO : EventManager : Event: ======'machine_var_platform_version'====== Args={'value': '10.0.26100', 'prev_value': None, 'change': True}
2025-01-11 12:58:33,673 : INFO : EventManager : Event: ======'machine_var_platform_machine'====== Args={'value': 'AMD64', 'prev_value': None, 'change': True}
2025-01-11 12:58:33,673 : INFO : EventManager : Event: ======'machine_var_log_file_path'====== Args={'value': 'C:\\Custom-Pinball\\logs\\2025-01-11-12-58-33-mpf-ZR-laptop.log', 'prev_value': None, 'change': True}
2025-01-11 12:58:33,673 : INFO : EventManager : Event: ======'init_phase_1'====== Args={}
2025-01-11 12:58:33,683 : INFO : EventManager : Event: ======'init_phase_2'====== Args={}
2025-01-11 12:58:33,683 : INFO : EventManager : Event: ======'bcp_connection_attempt'====== Args={'name': 'local_display', 'host': 'localhost', 'port': 5050}
2025-01-11 12:58:33,684 : INFO : BCPClientSocket : Connecting BCP to 'local_display' at localhost:5050...
2025-01-11 12:58:37,688 : INFO : Machine : Starting the main run loop with active modes: []
2025-01-11 12:58:37,688 : WARNING : Machine : Attract mode is not active, game will not be playable. Please check your attract mode configuration.
2025-01-11 12:58:37,689 : INFO : Machine : Shutting down...
2025-01-11 12:58:37,689 : INFO : EventManager : Event: ======'shutdown'====== Args={}
2025-01-11 12:58:38,723 : INFO : root : MPF run loop ended.
